TN:
SF:src/prisma/prisma.service.ts
FN:27,(anonymous_11)
FN:55,(anonymous_12)
FN:62,(anonymous_13)
FN:65,(anonymous_14)
FN:66,(anonymous_15)
FN:70,(anonymous_16)
FN:79,(anonymous_17)
FN:85,(anonymous_18)
FN:91,(anonymous_19)
FN:100,(anonymous_20)
FN:107,(anonymous_21)
FN:111,(anonymous_22)
FN:119,(anonymous_23)
FN:133,(anonymous_24)
FN:136,(anonymous_25)
FN:143,(anonymous_26)
FN:146,(anonymous_27)
FN:152,(anonymous_28)
FN:162,(anonymous_29)
FN:166,(anonymous_30)
FN:173,(anonymous_31)
FN:182,(anonymous_32)
FN:196,(anonymous_33)
FN:197,(anonymous_34)
FN:198,(anonymous_35)
FN:209,(anonymous_36)
FN:213,(anonymous_37)
FN:216,(anonymous_38)
FN:220,(anonymous_39)
FN:222,(anonymous_40)
FN:229,(anonymous_41)
FN:231,(anonymous_42)
FN:243,(anonymous_43)
FN:244,(anonymous_44)
FN:248,(anonymous_45)
FN:260,(anonymous_46)
FN:264,(anonymous_47)
FN:270,(anonymous_48)
FN:276,(anonymous_49)
FN:283,(anonymous_50)
FN:288,(anonymous_51)
FN:294,(anonymous_52)
FN:299,(anonymous_53)
FN:301,(anonymous_54)
FN:313,(anonymous_55)
FN:314,(anonymous_56)
FN:316,(anonymous_57)
FN:318,(anonymous_58)
FN:326,(anonymous_59)
FN:331,(anonymous_60)
FN:334,(anonymous_61)
FN:343,(anonymous_62)
FN:346,(anonymous_63)
FN:356,(anonymous_64)
FN:367,(anonymous_65)
FN:375,(anonymous_66)
FN:378,(anonymous_67)
FN:387,(anonymous_68)
FN:397,(anonymous_69)
FN:400,(anonymous_70)
FN:406,(anonymous_71)
FN:416,(anonymous_72)
FN:417,(anonymous_73)
FN:421,(anonymous_74)
FN:425,(anonymous_75)
FN:429,(anonymous_76)
FN:441,(anonymous_77)
FN:444,(anonymous_78)
FN:455,(anonymous_79)
FN:458,(anonymous_80)
FN:464,(anonymous_81)
FN:474,(anonymous_82)
FN:475,(anonymous_83)
FN:479,(anonymous_84)
FN:483,(anonymous_85)
FN:487,(anonymous_86)
FN:499,(anonymous_87)
FN:502,(anonymous_88)
FN:513,(anonymous_89)
FN:516,(anonymous_90)
FN:522,(anonymous_91)
FN:532,(anonymous_92)
FN:533,(anonymous_93)
FN:537,(anonymous_94)
FN:541,(anonymous_95)
FN:545,(anonymous_96)
FN:557,(anonymous_97)
FN:560,(anonymous_98)
FN:571,(anonymous_99)
FN:574,(anonymous_100)
FN:580,(anonymous_101)
FN:590,(anonymous_102)
FN:591,(anonymous_103)
FN:595,(anonymous_104)
FN:599,(anonymous_105)
FN:603,(anonymous_106)
FN:615,(anonymous_107)
FN:618,(anonymous_108)
FN:629,(anonymous_109)
FN:632,(anonymous_110)
FN:638,(anonymous_111)
FN:648,(anonymous_112)
FN:649,(anonymous_113)
FN:653,(anonymous_114)
FN:657,(anonymous_115)
FN:661,(anonymous_116)
FN:673,(anonymous_117)
FN:676,(anonymous_118)
FN:687,(anonymous_119)
FN:690,(anonymous_120)
FN:696,(anonymous_121)
FN:706,(anonymous_122)
FN:707,(anonymous_123)
FN:711,(anonymous_124)
FN:715,(anonymous_125)
FN:719,(anonymous_126)
FN:731,(anonymous_127)
FN:734,(anonymous_128)
FN:745,(anonymous_129)
FN:748,(anonymous_130)
FN:754,(anonymous_131)
FN:763,(anonymous_132)
FN:781,(anonymous_133)
FN:786,(anonymous_134)
FN:815,(anonymous_135)
FN:831,(anonymous_136)
FN:868,(anonymous_137)
FN:881,(anonymous_138)
FN:884,(anonymous_139)
FN:888,(anonymous_140)
FN:891,(anonymous_141)
FN:893,(anonymous_142)
FN:905,(anonymous_143)
FN:908,(anonymous_144)
FN:919,(anonymous_145)
FN:923,(anonymous_146)
FN:925,(anonymous_147)
FN:928,(anonymous_148)
FN:932,(anonymous_149)
FN:937,(anonymous_150)
FN:941,(anonymous_151)
FN:946,(anonymous_152)
FN:950,(anonymous_153)
FN:954,(anonymous_154)
FN:958,(anonymous_155)
FN:961,(anonymous_156)
FN:967,(anonymous_157)
FN:971,(anonymous_158)
FN:982,(anonymous_159)
FN:985,(anonymous_160)
FN:989,(anonymous_161)
FN:992,(anonymous_162)
FN:994,(anonymous_163)
FN:1006,(anonymous_164)
FN:1010,(anonymous_165)
FN:1021,(anonymous_166)
FN:1025,(anonymous_167)
FN:1029,(anonymous_168)
FN:1033,(anonymous_169)
FN:1038,(anonymous_170)
FN:1043,(anonymous_171)
FN:1044,(anonymous_172)
FN:1045,(anonymous_173)
FN:1046,(anonymous_174)
FN:1049,(anonymous_175)
FN:1055,(anonymous_176)
FN:1056,(anonymous_177)
FN:1057,(anonymous_178)
FN:1065,(anonymous_179)
FN:1068,(anonymous_180)
FN:1076,(anonymous_181)
FN:1077,(anonymous_182)
FN:1078,(anonymous_183)
FN:1079,(anonymous_184)
FN:1080,(anonymous_185)
FN:1081,(anonymous_186)
FN:1082,(anonymous_187)
FN:1083,(anonymous_188)
FN:1084,(anonymous_189)
FN:1085,(anonymous_190)
FN:1086,(anonymous_191)
FN:1087,(anonymous_192)
FN:1088,(anonymous_193)
FN:1089,(anonymous_194)
FN:1090,(anonymous_195)
FN:1097,(anonymous_196)
FN:1103,(anonymous_197)
FNF:187
FNH:0
FNDA:0,(anonymous_11)
FNDA:0,(anonymous_12)
FNDA:0,(anonymous_13)
FNDA:0,(anonymous_14)
FNDA:0,(anonymous_15)
FNDA:0,(anonymous_16)
FNDA:0,(anonymous_17)
FNDA:0,(anonymous_18)
FNDA:0,(anonymous_19)
FNDA:0,(anonymous_20)
FNDA:0,(anonymous_21)
FNDA:0,(anonymous_22)
FNDA:0,(anonymous_23)
FNDA:0,(anonymous_24)
FNDA:0,(anonymous_25)
FNDA:0,(anonymous_26)
FNDA:0,(anonymous_27)
FNDA:0,(anonymous_28)
FNDA:0,(anonymous_29)
FNDA:0,(anonymous_30)
FNDA:0,(anonymous_31)
FNDA:0,(anonymous_32)
FNDA:0,(anonymous_33)
FNDA:0,(anonymous_34)
FNDA:0,(anonymous_35)
FNDA:0,(anonymous_36)
FNDA:0,(anonymous_37)
FNDA:0,(anonymous_38)
FNDA:0,(anonymous_39)
FNDA:0,(anonymous_40)
FNDA:0,(anonymous_41)
FNDA:0,(anonymous_42)
FNDA:0,(anonymous_43)
FNDA:0,(anonymous_44)
FNDA:0,(anonymous_45)
FNDA:0,(anonymous_46)
FNDA:0,(anonymous_47)
FNDA:0,(anonymous_48)
FNDA:0,(anonymous_49)
FNDA:0,(anonymous_50)
FNDA:0,(anonymous_51)
FNDA:0,(anonymous_52)
FNDA:0,(anonymous_53)
FNDA:0,(anonymous_54)
FNDA:0,(anonymous_55)
FNDA:0,(anonymous_56)
FNDA:0,(anonymous_57)
FNDA:0,(anonymous_58)
FNDA:0,(anonymous_59)
FNDA:0,(anonymous_60)
FNDA:0,(anonymous_61)
FNDA:0,(anonymous_62)
FNDA:0,(anonymous_63)
FNDA:0,(anonymous_64)
FNDA:0,(anonymous_65)
FNDA:0,(anonymous_66)
FNDA:0,(anonymous_67)
FNDA:0,(anonymous_68)
FNDA:0,(anonymous_69)
FNDA:0,(anonymous_70)
FNDA:0,(anonymous_71)
FNDA:0,(anonymous_72)
FNDA:0,(anonymous_73)
FNDA:0,(anonymous_74)
FNDA:0,(anonymous_75)
FNDA:0,(anonymous_76)
FNDA:0,(anonymous_77)
FNDA:0,(anonymous_78)
FNDA:0,(anonymous_79)
FNDA:0,(anonymous_80)
FNDA:0,(anonymous_81)
FNDA:0,(anonymous_82)
FNDA:0,(anonymous_83)
FNDA:0,(anonymous_84)
FNDA:0,(anonymous_85)
FNDA:0,(anonymous_86)
FNDA:0,(anonymous_87)
FNDA:0,(anonymous_88)
FNDA:0,(anonymous_89)
FNDA:0,(anonymous_90)
FNDA:0,(anonymous_91)
FNDA:0,(anonymous_92)
FNDA:0,(anonymous_93)
FNDA:0,(anonymous_94)
FNDA:0,(anonymous_95)
FNDA:0,(anonymous_96)
FNDA:0,(anonymous_97)
FNDA:0,(anonymous_98)
FNDA:0,(anonymous_99)
FNDA:0,(anonymous_100)
FNDA:0,(anonymous_101)
FNDA:0,(anonymous_102)
FNDA:0,(anonymous_103)
FNDA:0,(anonymous_104)
FNDA:0,(anonymous_105)
FNDA:0,(anonymous_106)
FNDA:0,(anonymous_107)
FNDA:0,(anonymous_108)
FNDA:0,(anonymous_109)
FNDA:0,(anonymous_110)
FNDA:0,(anonymous_111)
FNDA:0,(anonymous_112)
FNDA:0,(anonymous_113)
FNDA:0,(anonymous_114)
FNDA:0,(anonymous_115)
FNDA:0,(anonymous_116)
FNDA:0,(anonymous_117)
FNDA:0,(anonymous_118)
FNDA:0,(anonymous_119)
FNDA:0,(anonymous_120)
FNDA:0,(anonymous_121)
FNDA:0,(anonymous_122)
FNDA:0,(anonymous_123)
FNDA:0,(anonymous_124)
FNDA:0,(anonymous_125)
FNDA:0,(anonymous_126)
FNDA:0,(anonymous_127)
FNDA:0,(anonymous_128)
FNDA:0,(anonymous_129)
FNDA:0,(anonymous_130)
FNDA:0,(anonymous_131)
FNDA:0,(anonymous_132)
FNDA:0,(anonymous_133)
FNDA:0,(anonymous_134)
FNDA:0,(anonymous_135)
FNDA:0,(anonymous_136)
FNDA:0,(anonymous_137)
FNDA:0,(anonymous_138)
FNDA:0,(anonymous_139)
FNDA:0,(anonymous_140)
FNDA:0,(anonymous_141)
FNDA:0,(anonymous_142)
FNDA:0,(anonymous_143)
FNDA:0,(anonymous_144)
FNDA:0,(anonymous_145)
FNDA:0,(anonymous_146)
FNDA:0,(anonymous_147)
FNDA:0,(anonymous_148)
FNDA:0,(anonymous_149)
FNDA:0,(anonymous_150)
FNDA:0,(anonymous_151)
FNDA:0,(anonymous_152)
FNDA:0,(anonymous_153)
FNDA:0,(anonymous_154)
FNDA:0,(anonymous_155)
FNDA:0,(anonymous_156)
FNDA:0,(anonymous_157)
FNDA:0,(anonymous_158)
FNDA:0,(anonymous_159)
FNDA:0,(anonymous_160)
FNDA:0,(anonymous_161)
FNDA:0,(anonymous_162)
FNDA:0,(anonymous_163)
FNDA:0,(anonymous_164)
FNDA:0,(anonymous_165)
FNDA:0,(anonymous_166)
FNDA:0,(anonymous_167)
FNDA:0,(anonymous_168)
FNDA:0,(anonymous_169)
FNDA:0,(anonymous_170)
FNDA:0,(anonymous_171)
FNDA:0,(anonymous_172)
FNDA:0,(anonymous_173)
FNDA:0,(anonymous_174)
FNDA:0,(anonymous_175)
FNDA:0,(anonymous_176)
FNDA:0,(anonymous_177)
FNDA:0,(anonymous_178)
FNDA:0,(anonymous_179)
FNDA:0,(anonymous_180)
FNDA:0,(anonymous_181)
FNDA:0,(anonymous_182)
FNDA:0,(anonymous_183)
FNDA:0,(anonymous_184)
FNDA:0,(anonymous_185)
FNDA:0,(anonymous_186)
FNDA:0,(anonymous_187)
FNDA:0,(anonymous_188)
FNDA:0,(anonymous_189)
FNDA:0,(anonymous_190)
FNDA:0,(anonymous_191)
FNDA:0,(anonymous_192)
FNDA:0,(anonymous_193)
FNDA:0,(anonymous_194)
FNDA:0,(anonymous_195)
FNDA:0,(anonymous_196)
FNDA:0,(anonymous_197)
DA:1,2
DA:2,2
DA:3,2
DA:4,2
DA:7,2
DA:8,0
DA:9,0
DA:10,0
DA:27,0
DA:29,0
DA:32,0
DA:33,0
DA:36,0
DA:48,0
DA:49,0
DA:52,0
DA:54,0
DA:55,0
DA:56,0
DA:57,0
DA:64,0
DA:65,0
DA:67,0
DA:68,0
DA:71,0
DA:72,0
DA:73,0
DA:74,0
DA:75,0
DA:76,0
DA:78,0
DA:79,0
DA:80,0
DA:81,0
DA:83,0
DA:84,0
DA:85,0
DA:86,0
DA:87,0
DA:88,0
DA:90,0
DA:91,0
DA:92,0
DA:95,0
DA:97,0
DA:98,0
DA:101,0
DA:102,0
DA:103,0
DA:105,0
DA:106,0
DA:107,0
DA:108,0
DA:110,0
DA:111,0
DA:112,0
DA:115,0
DA:117,0
DA:120,0
DA:121,0
DA:130,0
DA:131,0
DA:134,0
DA:135,0
DA:136,0
DA:137,0
DA:138,0
DA:139,0
DA:141,0
DA:144,0
DA:145,0
DA:146,0
DA:147,0
DA:148,0
DA:150,0
DA:153,0
DA:154,0
DA:155,0
DA:159,0
DA:161,0
DA:162,0
DA:165,0
DA:166,0
DA:169,0
DA:171,0
DA:172,0
DA:173,0
DA:174,0
DA:175,0
DA:180,0
DA:183,0
DA:184,0
DA:195,0
DA:196,0
DA:197,0
DA:199,0
DA:200,0
DA:206,0
DA:207,0
DA:210,0
DA:211,0
DA:212,0
DA:213,0
DA:215,0
DA:216,0
DA:218,0
DA:221,0
DA:222,0
DA:223,0
DA:224,0
DA:225,0
DA:227,0
DA:230,0
DA:231,0
DA:232,0
DA:233,0
DA:235,0
DA:242,0
DA:243,0
DA:245,0
DA:246,0
DA:249,0
DA:250,0
DA:256,0
DA:257,0
DA:258,0
DA:261,0
DA:262,0
DA:263,0
DA:264,0
DA:265,0
DA:266,0
DA:268,0
DA:271,0
DA:272,0
DA:273,0
DA:274,0
DA:275,0
DA:276,0
DA:277,0
DA:279,0
DA:280,0
DA:281,0
DA:284,0
DA:285,0
DA:286,0
DA:287,0
DA:288,0
DA:289,0
DA:292,0
DA:295,0
DA:296,0
DA:297,0
DA:298,0
DA:299,0
DA:300,0
DA:301,0
DA:303,0
DA:305,0
DA:312,0
DA:313,0
DA:315,0
DA:316,0
DA:318,0
DA:327,0
DA:328,0
DA:329,0
DA:330,0
DA:331,0
DA:332,0
DA:334,0
DA:342,0
DA:343,0
DA:344,0
DA:346,0
DA:354,0
DA:357,0
DA:358,0
DA:364,0
DA:365,0
DA:367,0
DA:376,0
DA:377,0
DA:378,0
DA:379,0
DA:380,0
DA:385,0
DA:387,0
DA:395,0
DA:398,0
DA:399,0
DA:400,0
DA:401,0
DA:402,0
DA:404,0
DA:407,0
DA:408,0
DA:415,0
DA:416,0
DA:418,0
DA:419,0
DA:422,0
DA:423,0
DA:424,0
DA:425,0
DA:427,0
DA:430,0
DA:431,0
DA:437,0
DA:438,0
DA:439,0
DA:442,0
DA:443,0
DA:444,0
DA:445,0
DA:446,0
DA:451,0
DA:453,0
DA:456,0
DA:457,0
DA:458,0
DA:459,0
DA:460,0
DA:462,0
DA:465,0
DA:466,0
DA:473,0
DA:474,0
DA:476,0
DA:477,0
DA:480,0
DA:481,0
DA:482,0
DA:483,0
DA:485,0
DA:488,0
DA:489,0
DA:495,0
DA:496,0
DA:497,0
DA:500,0
DA:501,0
DA:502,0
DA:503,0
DA:504,0
DA:509,0
DA:511,0
DA:514,0
DA:515,0
DA:516,0
DA:517,0
DA:518,0
DA:520,0
DA:523,0
DA:524,0
DA:531,0
DA:532,0
DA:534,0
DA:535,0
DA:538,0
DA:539,0
DA:540,0
DA:541,0
DA:543,0
DA:546,0
DA:547,0
DA:553,0
DA:554,0
DA:555,0
DA:558,0
DA:559,0
DA:560,0
DA:561,0
DA:562,0
DA:567,0
DA:569,0
DA:572,0
DA:573,0
DA:574,0
DA:575,0
DA:576,0
DA:578,0
DA:581,0
DA:582,0
DA:589,0
DA:590,0
DA:592,0
DA:593,0
DA:596,0
DA:597,0
DA:598,0
DA:599,0
DA:601,0
DA:604,0
DA:605,0
DA:611,0
DA:612,0
DA:613,0
DA:616,0
DA:617,0
DA:618,0
DA:619,0
DA:620,0
DA:625,0
DA:627,0
DA:630,0
DA:631,0
DA:632,0
DA:633,0
DA:634,0
DA:636,0
DA:639,0
DA:640,0
DA:647,0
DA:648,0
DA:650,0
DA:651,0
DA:654,0
DA:655,0
DA:656,0
DA:657,0
DA:659,0
DA:662,0
DA:663,0
DA:669,0
DA:670,0
DA:671,0
DA:674,0
DA:675,0
DA:676,0
DA:677,0
DA:678,0
DA:683,0
DA:685,0
DA:688,0
DA:689,0
DA:690,0
DA:691,0
DA:692,0
DA:694,0
DA:697,0
DA:698,0
DA:705,0
DA:706,0
DA:708,0
DA:709,0
DA:712,0
DA:713,0
DA:714,0
DA:715,0
DA:717,0
DA:720,0
DA:721,0
DA:727,0
DA:728,0
DA:729,0
DA:732,0
DA:733,0
DA:734,0
DA:735,0
DA:736,0
DA:741,0
DA:743,0
DA:746,0
DA:747,0
DA:748,0
DA:749,0
DA:750,0
DA:752,0
DA:755,0
DA:756,0
DA:764,0
DA:765,0
DA:767,0
DA:770,0
DA:771,0
DA:772,0
DA:774,0
DA:775,0
DA:776,0
DA:777,0
DA:782,0
DA:785,0
DA:786,0
DA:787,0
DA:790,0
DA:793,0
DA:794,0
DA:795,0
DA:796,0
DA:797,0
DA:798,0
DA:799,0
DA:800,0
DA:801,0
DA:802,0
DA:803,0
DA:804,0
DA:805,0
DA:807,0
DA:808,0
DA:810,0
DA:811,0
DA:816,0
DA:818,0
DA:820,0
DA:821,0
DA:823,0
DA:824,0
DA:827,0
DA:830,0
DA:831,0
DA:832,0
DA:835,0
DA:842,0
DA:843,0
DA:844,0
DA:845,0
DA:846,0
DA:847,0
DA:848,0
DA:849,0
DA:850,0
DA:851,0
DA:852,0
DA:853,0
DA:854,0
DA:856,0
DA:857,0
DA:859,0
DA:860,0
DA:863,0
DA:864,0
DA:870,0
DA:871,0
DA:872,0
DA:873,0
DA:874,0
DA:875,0
DA:877,0
DA:882,0
DA:883,0
DA:885,0
DA:886,0
DA:889,0
DA:890,0
DA:891,0
DA:894,0
DA:895,0
DA:902,0
DA:903,0
DA:906,0
DA:907,0
DA:908,0
DA:909,0
DA:910,0
DA:915,0
DA:917,0
DA:920,0
DA:921,0
DA:924,0
DA:925,0
DA:926,0
DA:929,0
DA:930,0
DA:933,0
DA:934,0
DA:935,0
DA:938,0
DA:939,0
DA:942,0
DA:943,0
DA:944,0
DA:947,0
DA:948,0
DA:951,0
DA:952,0
DA:955,0
DA:956,0
DA:959,0
DA:960,0
DA:961,0
DA:962,0
DA:963,0
DA:965,0
DA:968,0
DA:969,0
DA:972,0
DA:973,0
DA:978,0
DA:983,0
DA:984,0
DA:986,0
DA:987,0
DA:990,0
DA:991,0
DA:992,0
DA:995,0
DA:996,0
DA:1002,0
DA:1003,0
DA:1004,0
DA:1007,0
DA:1008,0
DA:1009,0
DA:1010,0
DA:1011,0
DA:1012,0
DA:1017,0
DA:1019,0
DA:1022,0
DA:1023,0
DA:1026,0
DA:1027,0
DA:1030,0
DA:1031,0
DA:1034,0
DA:1035,0
DA:1036,0
DA:1039,0
DA:1040,0
DA:1041,0
DA:1043,0
DA:1044,0
DA:1045,0
DA:1047,0
DA:1048,0
DA:1049,0
DA:1050,0
DA:1051,0
DA:1053,0
DA:1055,0
DA:1056,0
DA:1057,0
DA:1061,0
DA:1066,0
DA:1067,0
DA:1069,0
DA:1070,0
DA:1076,0
DA:1077,0
DA:1078,0
DA:1079,0
DA:1080,0
DA:1081,0
DA:1082,0
DA:1083,0
DA:1084,0
DA:1085,0
DA:1086,0
DA:1087,0
DA:1088,0
DA:1089,0
DA:1090,0
DA:1094,0
DA:1098,0
DA:1099,0
DA:1101,0
DA:1102,0
DA:1103,0
DA:1104,0
LF:561
LH:5
BRDA:29,0,0,0
BRDA:29,0,1,0
BRDA:32,1,0,0
BRDA:32,1,1,0
BRDA:33,2,0,0
BRDA:33,2,1,0
BRDA:39,3,0,0
BRDA:39,3,1,0
BRDA:42,4,0,0
BRDA:42,4,1,0
BRDA:52,5,0,0
BRDA:78,6,0,0
BRDA:81,7,0,0
BRDA:81,7,1,0
BRDA:83,8,0,0
BRDA:87,9,0,0
BRDA:87,9,1,0
BRDA:95,10,0,0
BRDA:95,10,1,0
BRDA:103,11,0,0
BRDA:106,12,0,0
BRDA:108,13,0,0
BRDA:110,14,0,0
BRDA:110,15,0,0
BRDA:110,15,1,0
BRDA:112,16,0,0
BRDA:117,17,0,0
BRDA:117,17,1,0
BRDA:137,18,0,0
BRDA:147,19,0,0
BRDA:154,20,0,0
BRDA:155,21,0,0
BRDA:155,21,1,0
BRDA:159,22,0,0
BRDA:159,22,1,0
BRDA:161,23,0,0
BRDA:165,24,0,0
BRDA:169,25,0,0
BRDA:172,26,0,0
BRDA:174,27,0,0
BRDA:174,27,1,0
BRDA:174,27,2,0
BRDA:186,28,0,0
BRDA:186,28,1,0
BRDA:212,29,0,0
BRDA:213,30,0,0
BRDA:213,30,1,0
BRDA:215,31,0,0
BRDA:216,32,0,0
BRDA:216,32,1,0
BRDA:223,33,0,0
BRDA:232,34,0,0
BRDA:246,35,0,0
BRDA:246,35,1,0
BRDA:256,36,0,0
BRDA:256,36,1,0
BRDA:263,37,0,0
BRDA:265,38,0,0
BRDA:273,39,0,0
BRDA:274,40,0,0
BRDA:285,41,0,0
BRDA:287,42,0,0
BRDA:289,43,0,0
BRDA:289,43,1,0
BRDA:296,44,0,0
BRDA:298,45,0,0
BRDA:300,46,0,0
BRDA:303,47,0,0
BRDA:303,47,1,0
BRDA:305,48,0,0
BRDA:305,48,1,0
BRDA:330,49,0,0
BRDA:332,50,0,0
BRDA:332,50,1,0
BRDA:342,51,0,0
BRDA:344,52,0,0
BRDA:344,52,1,0
BRDA:379,53,0,0
BRDA:401,54,0,0
BRDA:419,55,0,0
BRDA:419,55,1,0
BRDA:424,56,0,0
BRDA:425,57,0,0
BRDA:425,57,1,0
BRDA:437,58,0,0
BRDA:437,58,1,0
BRDA:444,59,0,0
BRDA:444,59,1,0
BRDA:445,60,0,0
BRDA:458,61,0,0
BRDA:458,61,1,0
BRDA:459,62,0,0
BRDA:466,63,0,0
BRDA:466,63,1,0
BRDA:477,64,0,0
BRDA:477,64,1,0
BRDA:482,65,0,0
BRDA:483,66,0,0
BRDA:483,66,1,0
BRDA:495,67,0,0
BRDA:495,67,1,0
BRDA:502,68,0,0
BRDA:502,68,1,0
BRDA:503,69,0,0
BRDA:516,70,0,0
BRDA:516,70,1,0
BRDA:517,71,0,0
BRDA:524,72,0,0
BRDA:524,72,1,0
BRDA:535,73,0,0
BRDA:535,73,1,0
BRDA:540,74,0,0
BRDA:541,75,0,0
BRDA:541,75,1,0
BRDA:553,76,0,0
BRDA:553,76,1,0
BRDA:560,77,0,0
BRDA:560,77,1,0
BRDA:561,78,0,0
BRDA:574,79,0,0
BRDA:574,79,1,0
BRDA:575,80,0,0
BRDA:582,81,0,0
BRDA:582,81,1,0
BRDA:593,82,0,0
BRDA:593,82,1,0
BRDA:598,83,0,0
BRDA:599,84,0,0
BRDA:599,84,1,0
BRDA:611,85,0,0
BRDA:611,85,1,0
BRDA:618,86,0,0
BRDA:618,86,1,0
BRDA:619,87,0,0
BRDA:632,88,0,0
BRDA:632,88,1,0
BRDA:633,89,0,0
BRDA:640,90,0,0
BRDA:640,90,1,0
BRDA:651,91,0,0
BRDA:651,91,1,0
BRDA:656,92,0,0
BRDA:657,93,0,0
BRDA:657,93,1,0
BRDA:669,94,0,0
BRDA:669,94,1,0
BRDA:676,95,0,0
BRDA:676,95,1,0
BRDA:677,96,0,0
BRDA:690,97,0,0
BRDA:690,97,1,0
BRDA:691,98,0,0
BRDA:698,99,0,0
BRDA:698,99,1,0
BRDA:709,100,0,0
BRDA:709,100,1,0
BRDA:714,101,0,0
BRDA:715,102,0,0
BRDA:715,102,1,0
BRDA:727,103,0,0
BRDA:727,103,1,0
BRDA:734,104,0,0
BRDA:734,104,1,0
BRDA:735,105,0,0
BRDA:748,106,0,0
BRDA:748,106,1,0
BRDA:749,107,0,0
BRDA:756,108,0,0
BRDA:756,108,1,0
BRDA:764,109,0,0
BRDA:793,110,0,0
BRDA:793,110,1,0
BRDA:794,111,0,0
BRDA:794,111,1,0
BRDA:795,112,0,0
BRDA:795,112,1,0
BRDA:796,113,0,0
BRDA:796,113,1,0
BRDA:797,114,0,0
BRDA:797,114,1,0
BRDA:798,115,0,0
BRDA:798,115,1,0
BRDA:799,116,0,0
BRDA:799,116,1,0
BRDA:800,117,0,0
BRDA:800,117,1,0
BRDA:801,118,0,0
BRDA:801,118,1,0
BRDA:802,119,0,0
BRDA:802,119,1,0
BRDA:803,120,0,0
BRDA:803,120,1,0
BRDA:804,121,0,0
BRDA:804,121,1,0
BRDA:805,122,0,0
BRDA:805,122,1,0
BRDA:808,123,0,0
BRDA:808,123,1,0
BRDA:808,124,0,0
BRDA:808,124,1,0
BRDA:808,125,0,0
BRDA:808,125,1,0
BRDA:808,126,0,0
BRDA:808,126,1,0
BRDA:808,127,0,0
BRDA:808,127,1,0
BRDA:808,128,0,0
BRDA:808,128,1,0
BRDA:808,129,0,0
BRDA:808,129,1,0
BRDA:842,130,0,0
BRDA:842,130,1,0
BRDA:843,131,0,0
BRDA:843,131,1,0
BRDA:844,132,0,0
BRDA:844,132,1,0
BRDA:845,133,0,0
BRDA:845,133,1,0
BRDA:846,134,0,0
BRDA:846,134,1,0
BRDA:847,135,0,0
BRDA:847,135,1,0
BRDA:848,136,0,0
BRDA:848,136,1,0
BRDA:849,137,0,0
BRDA:849,137,1,0
BRDA:850,138,0,0
BRDA:850,138,1,0
BRDA:851,139,0,0
BRDA:851,139,1,0
BRDA:852,140,0,0
BRDA:852,140,1,0
BRDA:853,141,0,0
BRDA:853,141,1,0
BRDA:854,142,0,0
BRDA:854,142,1,0
BRDA:857,143,0,0
BRDA:857,143,1,0
BRDA:857,144,0,0
BRDA:857,144,1,0
BRDA:857,145,0,0
BRDA:857,145,1,0
BRDA:870,146,0,0
BRDA:870,146,1,0
BRDA:871,147,0,0
BRDA:871,147,1,0
BRDA:872,148,0,0
BRDA:872,148,1,0
BRDA:873,149,0,0
BRDA:873,149,1,0
BRDA:874,150,0,0
BRDA:874,150,1,0
BRDA:875,151,0,0
BRDA:875,151,1,0
BRDA:882,152,0,0
BRDA:891,153,0,0
BRDA:891,153,1,0
BRDA:909,154,0,0
BRDA:925,155,0,0
BRDA:925,155,1,0
BRDA:934,156,0,0
BRDA:939,157,0,0
BRDA:939,157,1,0
BRDA:943,158,0,0
BRDA:962,159,0,0
BRDA:969,160,0,0
BRDA:969,160,1,0
BRDA:983,161,0,0
BRDA:987,162,0,0
BRDA:987,162,1,0
BRDA:992,163,0,0
BRDA:992,163,1,0
BRDA:992,164,0,0
BRDA:992,164,1,0
BRDA:1002,165,0,0
BRDA:1009,166,0,0
BRDA:1011,167,0,0
BRDA:1023,168,0,0
BRDA:1023,168,1,0
BRDA:1027,169,0,0
BRDA:1027,169,1,0
BRDA:1031,170,0,0
BRDA:1031,170,1,0
BRDA:1031,171,0,0
BRDA:1031,171,1,0
BRDA:1035,172,0,0
BRDA:1040,173,0,0
BRDA:1048,174,0,0
BRDA:1050,175,0,0
BRDA:1066,176,0,0
BRDA:1098,177,0,0
BRDA:1102,178,0,0
BRDA:1102,179,0,0
BRDA:1102,179,1,0
BRF:294
BRH:0
end_of_record
TN:
SF:src/prisma/secure-mock-data.service.ts
FN:23,(anonymous_11)
FN:29,(anonymous_12)
FN:122,(anonymous_13)
FN:152,(anonymous_14)
FN:159,(anonymous_15)
FN:170,(anonymous_16)
FNF:6
FNH:0
FNDA:0,(anonymous_11)
FNDA:0,(anonymous_12)
FNDA:0,(anonymous_13)
FNDA:0,(anonymous_14)
FNDA:0,(anonymous_15)
FNDA:0,(anonymous_16)
DA:1,2
DA:2,2
DA:4,2
DA:20,2
DA:21,0
DA:23,0
DA:30,0
DA:32,0
DA:67,0
DA:69,0
DA:70,0
DA:71,0
DA:73,0
DA:74,0
DA:75,0
DA:78,0
DA:80,0
DA:87,0
DA:100,0
DA:103,0
DA:105,0
DA:109,0
DA:110,0
DA:111,0
DA:113,0
DA:116,0
DA:123,0
DA:125,0
DA:126,0
DA:133,0
DA:135,0
DA:145,0
DA:146,0
DA:153,0
DA:159,0
DA:160,0
DA:161,0
DA:164,0
DA:165,0
DA:166,0
DA:170,0
DA:171,0
DA:172,0
DA:181,0
DA:182,0
DA:183,0
LF:46
LH:4
BRDA:73,0,0,0
BRDA:73,1,0,0
BRDA:73,1,1,0
BRDA:109,2,0,0
BRDA:109,2,1,0
BRDA:133,3,0,0
BRDA:133,3,1,0
BRDA:161,4,0,0
BRDA:161,4,1,0
BRDA:164,5,0,0
BRDA:172,6,0,0
BRDA:172,6,1,0
BRDA:172,6,2,0
BRDA:172,6,3,0
BRDA:172,6,4,0
BRDA:172,6,5,0
BRDA:181,7,0,0
BRF:17
BRH:0
end_of_record
